{
  "RSpec": {
    "coverage": {
      "/home/dimanyc/Desktop/ruby_sandbox/rails_template/spec/support/database_cleaner.rb": [
        1,
        null,
        1,
        1,
        1,
        1,
        null,
        1,
        0,
        0,
        null,
        null,
        null
      ],
      "/home/dimanyc/Desktop/ruby_sandbox/rails_template/spec/factories_spec.rb": [
        1,
        null,
        1,
        null,
        0,
        null,
        0,
        0,
        null,
        null,
        null,
        null,
        null
      ],
      "/home/dimanyc/Desktop/ruby_sandbox/rails_template/spec/rails_helper.rb": [
        null,
        1,
        1,
        null,
        1,
        1,
        1,
        1,
        null,
        1,
        1,
        null,
        null,
        null,
        null,
        null,
        null,
        null,
        null,
        null,
        null,
        null,
        null,
        null,
        null,
        null,
        null,
        null,
        null,
        null,
        1,
        null,
        1,
        null,
        1,
        null,
        null,
        null,
        null,
        1,
        null,
        null,
        null,
        null,
        null,
        null,
        null,
        null,
        null,
        null,
        null,
        null,
        null,
        null,
        1,
        null,
        null,
        1,
        null,
        null,
        null
      ],
      "/home/dimanyc/Desktop/ruby_sandbox/rails_template/config/environment.rb": [
        null,
        1,
        null,
        null,
        1
      ],
      "/home/dimanyc/Desktop/ruby_sandbox/rails_template/config/application.rb": [
        1,
        null,
        1,
        null,
        1,
        1,
        1,
        1,
        1,
        1,
        1,
        null,
        null,
        null,
        null,
        1,
        null,
        1,
        1,
        null,
        null,
        null,
        null,
        null,
        null,
        null,
        null,
        null,
        null,
        null,
        null,
        null,
        1,
        null,
        null
      ],
      "/home/dimanyc/Desktop/ruby_sandbox/rails_template/config/boot.rb": [
        1,
        null,
        1
      ],
      "/home/dimanyc/Desktop/ruby_sandbox/rails_template/config/environments/test.rb": [
        1,
        null,
        null,
        null,
        null,
        null,
        null,
        1,
        null,
        null,
        null,
        null,
        1,
        null,
        null,
        1,
        1,
        null,
        null,
        1,
        1,
        null,
        null,
        1,
        null,
        null,
        1,
        null,
        null,
        null,
        null,
        1,
        null,
        null,
        1,
        null,
        null,
        1,
        null,
        null,
        null,
        null
      ],
      "/home/dimanyc/Desktop/ruby_sandbox/rails_template/config/initializers/assets.rb": [
        null,
        null,
        null,
        1,
        null,
        null,
        null,
        null,
        null,
        null,
        null
      ],
      "/home/dimanyc/Desktop/ruby_sandbox/rails_template/config/initializers/backtrace_silencers.rb": [
        null,
        null,
        null,
        null,
        null,
        null,
        null
      ],
      "/home/dimanyc/Desktop/ruby_sandbox/rails_template/config/initializers/cookies_serializer.rb": [
        null,
        null,
        1
      ],
      "/home/dimanyc/Desktop/ruby_sandbox/rails_template/config/initializers/filter_parameter_logging.rb": [
        null,
        null,
        null,
        1
      ],
      "/home/dimanyc/Desktop/ruby_sandbox/rails_template/config/initializers/inflections.rb": [
        null,
        null,
        null,
        null,
        null,
        null,
        null,
        null,
        null,
        null,
        null,
        null,
        null,
        null,
        null,
        null
      ],
      "/home/dimanyc/Desktop/ruby_sandbox/rails_template/config/initializers/mime_types.rb": [
        null,
        null,
        null,
        null
      ],
      "/home/dimanyc/Desktop/ruby_sandbox/rails_template/config/initializers/session_store.rb": [
        null,
        null,
        1
      ],
      "/home/dimanyc/Desktop/ruby_sandbox/rails_template/config/initializers/wrap_parameters.rb": [
        null,
        null,
        null,
        null,
        null,
        null,
        1,
        1,
        null,
        null,
        null,
        null,
        null,
        null
      ],
      "/home/dimanyc/Desktop/ruby_sandbox/rails_template/config/routes.rb": [
        1,
        null,
        null,
        null,
        null,
        null,
        null,
        null,
        null,
        null,
        null,
        null,
        null,
        null,
        null,
        null,
        null,
        null,
        null,
        null,
        null,
        null,
        null,
        null,
        null,
        null,
        null,
        null,
        null,
        null,
        null,
        null,
        null,
        null,
        null,
        null,
        null,
        null,
        null,
        null,
        null,
        null,
        null,
        null,
        null,
        null,
        null,
        null,
        null,
        null,
        null,
        null,
        null,
        null,
        null,
        null
      ],
      "/home/dimanyc/Desktop/ruby_sandbox/rails_template/app/helpers/application_helper.rb": [
        1,
        null
      ],
      "/home/dimanyc/Desktop/ruby_sandbox/rails_template/spec/support/shoulda_matchers.rb": [
        1,
        1,
        1,
        1,
        null,
        null
      ]
    },
    "timestamp": 1473389533
  }
}
